Arguments: 
  /usr/local/Cellar/node/11.13.0/bin/node /usr/local/Cellar/yarn/1.15.2/libexec/bin/yarn.js add qtumjs-wallert

PATH: 
  /Users/cb/.rvm/gems/ruby-2.6.0/bin:/Users/cb/.rvm/gems/ruby-2.6.0@global/bin:/Users/cb/.rvm/rubies/ruby-2.6.0/bin:/usr/local/bin:/usr/bin:/bin:/usr/sbin:/sbin:/Library/Frameworks/Mono.framework/Versions/Current/Commands:/Users/cb/.rvm/bin

Yarn version: 
  1.15.2

Node version: 
  11.13.0

Platform: 
  darwin x64

Trace: 
  Error: https://registry.yarnpkg.com/qtumjs-wallert: Not found
      at Request.params.callback [as _callback] (/usr/local/Cellar/yarn/1.15.2/libexec/lib/cli.js:66058:18)
      at Request.self.callback (/usr/local/Cellar/yarn/1.15.2/libexec/lib/cli.js:129541:22)
      at Request.emit (events.js:193:13)
      at Request.<anonymous> (/usr/local/Cellar/yarn/1.15.2/libexec/lib/cli.js:130513:10)
      at Request.emit (events.js:193:13)
      at IncomingMessage.<anonymous> (/usr/local/Cellar/yarn/1.15.2/libexec/lib/cli.js:130435:12)
      at Object.onceWrapper (events.js:281:20)
      at IncomingMessage.emit (events.js:198:15)
      at endReadableNT (_stream_readable.js:1142:12)
      at processTicksAndRejections (internal/process/task_queues.js:81:17)

npm manifest: 
  {
    "name": "ProjectFear",
    "version": "1.0.0",
    "description": "",
    "main": "app.js",
    "scripts": {
      "start": "node app.js",
      "server": "nodemon app.js",
      "frontend-install": "npm install --prefix frontend",
      "frontend": "npm start --prefix frontend",
      "dev": "concurrently 'npm run server' 'npm run frontend'",
      "heroku-postbuild": "NPM_CONFIG_PRODUCTION=false npm install --prefix frontend && npm run build --prefix frontend"
    },
    "repository": {
      "type": "git",
      "url": ""
    },
    "keywords": [
      "ProjectFear",
      "game"
    ],
    "author": "Craig",
    "license": "MIT",
    "bugs": {
      "url": ""
    },
    "homepage": "",
    "dependencies": {
      "bcryptjs": "^2.4.3",
      "body-parser": "^1.18.3",
      "concurrently": "^4.1.0",
      "express": "^4.16.4",
      "jsonwebtoken": "^8.4.0",
      "mongoose": "^5.4.1",
      "passport": "^0.4.0",
      "passport-jwt": "^4.0.0",
      "stats-js": "^1.0.0",
      "three": "^0.100.0",
      "validator": "^10.10.0"
    },
    "devDependencies": {
      "nodemon": "^1.18.9"
    }
  }

yarn manifest: 
  No manifest

Lockfile: 
  No lockfile
